<?xml version="1.0" encoding="UTF-8"?>
<!-- Generated by org.testng.reporters.JUnitReportReporter -->
<testsuite hostname="TGS-DPC-2374" name="qa.com.test.HomeTestPage" tests="3" failures="0" timestamp="29 Jul 2019 11:34:51 GMT" time="43.899" errors="0">
  <testcase name="lnkViewContactTest" time="10.930" classname="qa.com.test.HomeTestPage"/>
  <testcase name="verifyUsernameTest" time="11.207" classname="qa.com.test.HomeTestPage"/>
  <testcase name="myContactTest" time="21.762" classname="qa.com.test.HomeTestPage"/>
</testsuite> <!-- qa.com.test.HomeTestPage -->
