<?xml version="1.0" encoding="UTF-8"?>
<!-- Generated by org.testng.reporters.JUnitReportReporter -->
<testsuite hostname="TGS-DPC-2374" name="qa.com.test.HomeTest" tests="3" failures="0" timestamp="31 Jul 2019 05:45:57 GMT" time="29.565" errors="0">
  <testcase name="myContactTest" time="10.869" classname="qa.com.test.HomeTest"/>
  <testcase name="lnkViewContactTest" time="9.581" classname="qa.com.test.HomeTest"/>
  <testcase name="verifyUsernameTest" time="9.115" classname="qa.com.test.HomeTest"/>
</testsuite> <!-- qa.com.test.HomeTest -->
