<?xml version="1.0" encoding="UTF-8"?>
<!-- Generated by org.testng.reporters.JUnitReportReporter -->
<testsuite hostname="TGS-DPC-2374" name="qa.com.test.LoginTestPage" tests="2" failures="0" timestamp="31 Jul 2019 05:45:57 GMT" time="15.624" errors="0">
  <testcase name="loginToCyclo" time="8.623" classname="qa.com.test.LoginTestPage"/>
  <testcase name="loginPageTitleTest" time="7.001" classname="qa.com.test.LoginTestPage"/>
</testsuite> <!-- qa.com.test.LoginTestPage -->
